<?xml version="1.0" encoding="UTF-8"?>
<testng-results ignored="0" total="4" passed="4" failed="0" skipped="0">
  <reporter-output>
  </reporter-output>
  <suite started-at="2021-05-06T09:22:54 CEST" name="Regression TestSuite" finished-at="2021-05-06T09:22:54 CEST" duration-ms="27">
    <groups>
      <group name="cars">
        <method signature="TestNG_Grouping.testAudiA6()[pri:0, instance:testclasses.TestNG_Grouping@27ae2fd0]" name="testAudiA6" class="testclasses.TestNG_Grouping"/>
        <method signature="TestNG_Grouping.testBMWX6()[pri:0, instance:testclasses.TestNG_Grouping@27ae2fd0]" name="testBMWX6" class="testclasses.TestNG_Grouping"/>
      </group> <!-- cars -->
      <group name="bikes">
        <method signature="TestNG_Grouping.testHondaCBR()[pri:0, instance:testclasses.TestNG_Grouping@27ae2fd0]" name="testHondaCBR" class="testclasses.TestNG_Grouping"/>
        <method signature="TestNG_Grouping.testNinja()[pri:0, instance:testclasses.TestNG_Grouping@27ae2fd0]" name="testNinja" class="testclasses.TestNG_Grouping"/>
      </group> <!-- bikes -->
      <group name="suv">
        <method signature="TestNG_Grouping.testBMWX6()[pri:0, instance:testclasses.TestNG_Grouping@27ae2fd0]" name="testBMWX6" class="testclasses.TestNG_Grouping"/>
      </group> <!-- suv -->
      <group name="sedan">
        <method signature="TestNG_Grouping.testAudiA6()[pri:0, instance:testclasses.TestNG_Grouping@27ae2fd0]" name="testAudiA6" class="testclasses.TestNG_Grouping"/>
      </group> <!-- sedan -->
    </groups>
    <test started-at="2021-05-06T09:22:54 CEST" name="GroupsDemo" finished-at="2021-05-06T09:22:54 CEST" duration-ms="27">
      <class name="testclasses.TestNG_Grouping">
        <test-method is-config="true" signature="setUp()[pri:0, instance:testclasses.TestNG_Grouping@27ae2fd0]" started-at="2021-05-06T09:22:54 CEST" name="setUp" finished-at="2021-05-06T09:22:54 CEST" duration-ms="4" status="PASS">
          <reporter-output>
          </reporter-output>
        </test-method> <!-- setUp -->
        <test-method signature="testAudiA6()[pri:0, instance:testclasses.TestNG_Grouping@27ae2fd0]" started-at="2021-05-06T09:22:54 CEST" name="testAudiA6" finished-at="2021-05-06T09:22:54 CEST" duration-ms="3" status="PASS">
          <reporter-output>
          </reporter-output>
        </test-method> <!-- testAudiA6 -->
        <test-method signature="testBMWX6()[pri:0, instance:testclasses.TestNG_Grouping@27ae2fd0]" started-at="2021-05-06T09:22:54 CEST" name="testBMWX6" finished-at="2021-05-06T09:22:54 CEST" duration-ms="1" status="PASS">
          <reporter-output>
          </reporter-output>
        </test-method> <!-- testBMWX6 -->
        <test-method signature="testHondaCBR()[pri:0, instance:testclasses.TestNG_Grouping@27ae2fd0]" started-at="2021-05-06T09:22:54 CEST" name="testHondaCBR" finished-at="2021-05-06T09:22:54 CEST" duration-ms="1" status="PASS">
          <reporter-output>
          </reporter-output>
        </test-method> <!-- testHondaCBR -->
        <test-method signature="testNinja()[pri:0, instance:testclasses.TestNG_Grouping@27ae2fd0]" started-at="2021-05-06T09:22:54 CEST" name="testNinja" finished-at="2021-05-06T09:22:54 CEST" duration-ms="1" status="PASS">
          <reporter-output>
          </reporter-output>
        </test-method> <!-- testNinja -->
        <test-method is-config="true" signature="cleanUp()[pri:0, instance:testclasses.TestNG_Grouping@27ae2fd0]" started-at="2021-05-06T09:22:54 CEST" name="cleanUp" finished-at="2021-05-06T09:22:54 CEST" duration-ms="0" status="PASS">
          <reporter-output>
          </reporter-output>
        </test-method> <!-- cleanUp -->
      </class> <!-- testclasses.TestNG_Grouping -->
    </test> <!-- GroupsDemo -->
  </suite> <!-- Regression TestSuite -->
</testng-results>
