<?xml version="1.0" encoding="UTF-8"?>
<!-- Generated by org.testng.reporters.JUnitXMLReporter -->
<testsuite ignored="0" hostname="DESKTOP-EDFHH1L" failures="1" tests="2" name="Application Test1" time="0.027" errors="0" timestamp="2021-05-06T09:04:46 CEST">
  <testcase classname="testclasses.TestNG_ListenersTest2" name="testMethod1" time="0.004"/>
  <testcase classname="testclasses.TestNG_ListenersTest2" name="testMethod2" time="0.001">
    <failure type="java.lang.AssertionError" message="expected [true] but found [false]">
      <![CDATA[java.lang.AssertionError: expected [true] but found [false]
at testclasses.TestNG_ListenersTest2.testMethod2(TestNG_ListenersTest2.java:34)
at java.base/java.util.ArrayList.forEach(ArrayList.java:1511)
... Removed 31 stack frames]]>
    </failure>
  </testcase> <!-- testMethod2 -->
</testsuite> <!-- Application Test1 -->
