<?xml version="1.0" encoding="UTF-8"?>
<!-- Generated by org.testng.reporters.JUnitXMLReporter -->
<testsuite ignored="2" hostname="DESKTOP-EDFHH1L" failures="0" tests="4" name="Application Test" time="0.023" errors="0" timestamp="2020-11-26T19:33:14 CET">
  <testcase classname="regressionsuite.TestNG_TestClass1" name="testMethod1" time="0.002"/>
  <testcase classname="regressionsuite.TestNG_TestClass1" name="testMethod2" time="0.001"/>
  <testcase classname="regressionsuite.TestNG_TestClass2" name="testMethod1" time="0.0"/>
  <testcase classname="regressionsuite.TestNG_TestClass2" name="testMethod2" time="0.001"/>
  <testcase classname="base.BaseTestSuite" name="@BeforeSuite beforeSuite" time="0.0">
    <ignored/>
  </testcase> <!-- @BeforeSuite beforeSuite -->
  <testcase classname="base.BaseTestSuite" name="@AfterSuite afterSuite" time="0.0">
    <ignored/>
  </testcase> <!-- @AfterSuite afterSuite -->
</testsuite> <!-- Application Test -->
