<?xml version="1.0" encoding="UTF-8"?>
<!-- Generated by org.testng.reporters.JUnitXMLReporter -->
<testsuite ignored="2" hostname="DESKTOP-EDFHH1L" failures="0" tests="2" name="GroupsDemo" time="0.025" errors="0" timestamp="2020-11-26T20:53:05 CET">
  <testcase classname="testclasses.TestNG_Grouping" name="testAudiA6" time="0.002"/>
  <testcase classname="testclasses.TestNG_Grouping" name="testBMWX6" time="0.001"/>
  <testcase classname="testclasses.TestNG_Grouping" name="testNinja" time="0.0">
    <ignored/>
  </testcase> <!-- testNinja -->
  <testcase classname="testclasses.TestNG_Grouping" name="testHondaCBR" time="0.0">
    <ignored/>
  </testcase> <!-- testHondaCBR -->
</testsuite> <!-- GroupsDemo -->
