<?xml version="1.0" encoding="UTF-8"?>
<!-- Generated by org.testng.reporters.JUnitXMLReporter -->
<testsuite ignored="0" hostname="DESKTOP-EDFHH1L" failures="0" tests="4" name="GroupsDemo" time="0.027" errors="0" timestamp="2021-05-06T09:22:54 CEST">
  <testcase classname="testclasses.TestNG_Grouping" name="testAudiA6" time="0.003"/>
  <testcase classname="testclasses.TestNG_Grouping" name="testBMWX6" time="0.001"/>
  <testcase classname="testclasses.TestNG_Grouping" name="testHondaCBR" time="0.001"/>
  <testcase classname="testclasses.TestNG_Grouping" name="testNinja" time="0.001"/>
</testsuite> <!-- GroupsDemo -->
