<?xml version="1.0" encoding="UTF-8"?>
<!-- Generated by org.testng.reporters.JUnitXMLReporter -->
<testsuite ignored="0" hostname="DESKTOP-EDFHH1L" failures="0" tests="4" name="Test 1" time="0.026" errors="0" timestamp="2021-05-06T08:49:53 CEST">
  <testcase classname="testclasses.TestNG_Preserve2" name="testMethod1" time="0.005"/>
  <testcase classname="testclasses.TestNG_Preserve2" name="testMethod2" time="0.001"/>
  <testcase classname="testclasses.TestNG_Preserve1" name="testMethod1" time="0.001"/>
  <testcase classname="testclasses.TestNG_Preserve1" name="testMethod2" time="0.001"/>
</testsuite> <!-- Test 1 -->
